<?xml version="1.0" encoding="UTF-8"?>
<testng-results ignored="0" total="1" passed="1" failed="0" skipped="0">
  <reporter-output>
  </reporter-output>
  <suite started-at="2024-08-25T21:57:45 IST" name="Surefire suite" finished-at="2024-08-25T21:57:48 IST" duration-ms="2667">
    <groups>
    </groups>
    <test started-at="2024-08-25T21:57:45 IST" name="Surefire test" finished-at="2024-08-25T21:57:48 IST" duration-ms="2667">
      <class name="mavenForJenkins.UITest">
        <test-method signature="uiSampleTest(java.lang.String)[pri:0, instance:mavenForJenkins.UITest@4e91d63f]" started-at="2024-08-25T21:57:45 IST" name="uiSampleTest" finished-at="2024-08-25T21:57:48 IST" duration-ms="2631" status="PASS">
          <params>
            <param index="0">
              <value>
                <![CDATA[Edge]]>
              </value>
            </param>
          </params>
          <reporter-output>
          </reporter-output>
        </test-method> <!-- uiSampleTest -->
      </class> <!-- mavenForJenkins.UITest -->
    </test> <!-- Surefire test -->
  </suite> <!-- Surefire suite -->
</testng-results>
