<?xml version="1.0" encoding="UTF-8"?>
<testng-results ignored="0" total="1" passed="1" failed="0" skipped="0">
  <reporter-output>
  </reporter-output>
  <suite started-at="2024-08-01T22:09:22 IST" name="Default suite" finished-at="2024-08-01T22:09:28 IST" duration-ms="6269">
    <groups>
    </groups>
    <test started-at="2024-08-01T22:09:22 IST" name="Default test" finished-at="2024-08-01T22:09:28 IST" duration-ms="6269">
      <class name="mavenForJenkins.UITest">
        <test-method signature="uiSampleTest()[pri:0, instance:mavenForJenkins.UITest@2e3967ea]" started-at="2024-08-01T22:09:22 IST" name="uiSampleTest" finished-at="2024-08-01T22:09:28 IST" duration-ms="6187" status="PASS">
          <reporter-output>
          </reporter-output>
        </test-method> <!-- uiSampleTest -->
      </class> <!-- mavenForJenkins.UITest -->
    </test> <!-- Default test -->
  </suite> <!-- Default suite -->
</testng-results>
